[0mGET /collections [36m304[0m 259.460 ms - -[0m
[0mGET /main.css [33m404[0m 1.311 ms - 147[0m
[0mGET /site.webmanifest [33m404[0m 2.434 ms - 155[0m
[0mGET /detail/silver-necklace [36m304[0m 1503.698 ms - -[0m
[0mGET /main.css [33m404[0m 2.694 ms - 147[0m
[0mGET /site.webmanifest [33m404[0m 1.057 ms - 155[0m
[0mGET /site.webmanifest [33m404[0m 0.896 ms - 155[0m
[0mGET /collections [36m304[0m 962.220 ms - -[0m
[0mGET /main.css [33m404[0m 5.246 ms - 147[0m
[0mGET /site.webmanifest [33m404[0m 1.611 ms - 155[0m
[0mGET / [31m500[0m 598.975 ms - 1863[0m
[0mGET / [31m500[0m 556.372 ms - 1528[0m
[0mGET / [31m500[0m 270.065 ms - 1528[0m
[0mGET / [31m500[0m 662.872 ms - 1796[0m
[0mGET / [31m500[0m 617.864 ms - 1796[0m
[0mGET / [32m200[0m 609.729 ms - 2989[0m
[0mGET /main.css [33m404[0m 3.846 ms - 147[0m
[0mGET /site.webmanifest [33m404[0m 1.779 ms - 155[0m
[0mGET /about [36m304[0m 954.475 ms - -[0m
[0mGET /main.css [33m404[0m 1.710 ms - 147[0m
[0mGET /site.webmanifest [33m404[0m 1.249 ms - 155[0m
[0mGET / [36m304[0m 237.515 ms - -[0m
[0mGET /main.css [33m404[0m 2.020 ms - 147[0m
[0mGET /site.webmanifest [33m404[0m 2.097 ms - 155[0m
[0mGET / [36m304[0m 676.832 ms - -[0m
[0mGET /main.css [33m404[0m 4.254 ms - 147[0m
[0mGET /site.webmanifest [33m404[0m 2.157 ms - 155[0m
[0mGET / [32m200[0m 1629.516 ms - 5365[0m
[0mGET /main.css [33m404[0m 3.363 ms - 147[0m
[0mGET /site.webmanifest [33m404[0m 0.989 ms - 155[0m
[0mGET / [32m200[0m 1694.781 ms - 3187[0m
[0mGET /main.css [33m404[0m 4.411 ms - 147[0m
[0mGET /site.webmanifest [33m404[0m 2.641 ms - 155[0m
[0mGET / [32m200[0m 4813.455 ms - 2973[0m
[0mGET /main.css [33m404[0m 1.072 ms - 147[0m
[0mGET /site.webmanifest [33m404[0m 1.191 ms - 155[0m
[0mGET / [32m200[0m 317.334 ms - 2989[0m
[0mGET /main.css [33m404[0m 1.730 ms - 147[0m
[0mGET /site.webmanifest [33m404[0m 1.478 ms - 155[0m
[0mGET /about [32m200[0m 1228.736 ms - 12025[0m
[0mGET /main.css [33m404[0m 1.224 ms - 147[0m
[0mGET /site.webmanifest [33m404[0m 2.110 ms - 155[0m
[0mGET /about [36m304[0m 403.413 ms - -[0m
[0mGET /main.css [33m404[0m 1.297 ms - 147[0m
[0mGET /site.webmanifest [33m404[0m 1.379 ms - 155[0m
[0mGET / [36m304[0m 323.740 ms - -[0m
[0mGET /main.css [33m404[0m 2.209 ms - 147[0m
[0mGET /site.webmanifest [33m404[0m 0.773 ms - 155[0m
[0mGET /main.css [33m404[0m 1.050 ms - 147[0m
[0mGET /site.webmanifest [33m404[0m 1.103 ms - 155[0m
[0mGET / [32m200[0m 390.319 ms - 2989[0m
[0mGET /main.css [33m404[0m 0.870 ms - 147[0m
[0mGET /site.webmanifest [33m404[0m 1.087 ms - 155[0m
[0mGET /favicon-32x32.png [33m404[0m 1.043 ms - 156[0m
[0mGET /favicon-16x16.png [33m404[0m 0.970 ms - 156[0m
[0mGET /detail/silver-necklace [32m200[0m 1521.960 ms - 3528[0m
[0mGET /main.css [33m404[0m 4.767 ms - 147[0m
[0mGET /site.webmanifest [33m404[0m 1.226 ms - 155[0m
[0mGET /main.css [33m404[0m 418.929 ms - 147[0m
[0mGET /site.webmanifest [33m404[0m 353.861 ms - 155[0m
[0mGET / [32m200[0m 5378.690 ms - 3407[0m
[0mGET /site.webmanifest [33m404[0m 2.317 ms - 155[0m
[0mGET /favicon-32x32.png [33m404[0m 0.553 ms - 156[0m
[0mGET /favicon-16x16.png [33m404[0m 0.430 ms - 156[0m
[0mGET /about [32m200[0m 657.115 ms - 12211[0m
[0mGET /site.webmanifest [33m404[0m 1.077 ms - 155[0m
[0mGET /collections [32m200[0m 121.861 ms - 8176[0m
[0mGET /site.webmanifest [33m404[0m 0.468 ms - 155[0m
[0mGET /site.webmanifest [33m404[0m 0.668 ms - 155[0m
[0mGET /about [36m304[0m 386.748 ms - -[0m
[0mGET /site.webmanifest [33m404[0m 1.219 ms - 155[0m
[0mGET /collections [36m304[0m 297.327 ms - -[0m
[0mGET /site.webmanifest [33m404[0m 0.535 ms - 155[0m
[0mGET /site.webmanifest [33m404[0m 0.599 ms - 155[0m
[0mGET /detail/silver-necklace [32m200[0m 1316.132 ms - 3690[0m
[0mGET /site.webmanifest [33m404[0m 0.909 ms - 155[0m
[0mGET /site.webmanifest [33m404[0m 393.969 ms - 155[0m
[0mGET /collections [36m304[0m 85.557 ms - -[0m
[0mGET /site.webmanifest [33m404[0m 0.799 ms - 155[0m
[0mGET /site.webmanifest [33m404[0m 0.456 ms - 155[0m
[0mGET /detail/silver-necklace [36m304[0m 1162.659 ms - -[0m
[0mGET /site.webmanifest [33m404[0m 5.272 ms - 155[0m
[0mGET /site.webmanifest [33m404[0m 411.415 ms - 155[0m
[0mGET /site.webmanifest [33m404[0m 1.019 ms - 155[0m
[0mGET /about [36m304[0m 302.841 ms - -[0m
[0mGET /site.webmanifest [33m404[0m 0.833 ms - 155[0m
[0mGET /site.webmanifest [33m404[0m 0.964 ms - 155[0m
[0mGET /about [32m200[0m 326.192 ms - 12211[0m
[0mGET /site.webmanifest [33m404[0m 0.617 ms - 155[0m
[0mGET /favicon-32x32.png [33m404[0m 0.692 ms - 156[0m
[0mGET /favicon-16x16.png [33m404[0m 1.072 ms - 156[0m
[0mGET /about [32m200[0m 618.969 ms - 12211[0m
[0mGET /site.webmanifest [33m404[0m 4.001 ms - 155[0m
[0mGET /favicon-32x32.png [33m404[0m 3.774 ms - 156[0m
[0mGET /favicon-16x16.png [33m404[0m 0.376 ms - 156[0m
[0mGET /site.webmanifest [33m404[0m 0.741 ms - 155[0m
[0mGET /about [36m304[0m 641.194 ms - -[0m
[0mGET /site.webmanifest [33m404[0m 2.589 ms - 155[0m
[0mGET /about [36m304[0m 285.389 ms - -[0m
[0mGET /site.webmanifest [33m404[0m 0.900 ms - 155[0m
[0mGET /about [32m200[0m 338.408 ms - 12211[0m
[0mGET /site.webmanifest [33m404[0m 1.400 ms - 155[0m
[0mGET /favicon-32x32.png [33m404[0m 1.363 ms - 156[0m
[0mGET /favicon-16x16.png [33m404[0m 0.464 ms - 156[0m
[0mGET /about [36m304[0m 931.097 ms - -[0m
[0mGET /site.webmanifest [33m404[0m 3.998 ms - 155[0m
[0mGET /about [36m304[0m 609.536 ms - -[0m
[0mGET /site.webmanifest [33m404[0m 1.666 ms - 155[0m
[0mGET /site.webmanifest [33m404[0m 0.957 ms - 155[0m
[0mGET /about [36m304[0m 611.000 ms - -[0m
[0mGET /site.webmanifest [33m404[0m 0.657 ms - 155[0m
[0mGET /about [36m304[0m 796.357 ms - -[0m
[0mGET /site.webmanifest [33m404[0m 1.459 ms - 155[0m
[0mGET /about [36m304[0m 882.086 ms - -[0m
[0mGET /site.webmanifest [33m404[0m 1.890 ms - 155[0m
